[0.300s] Invoking command in '/home/benchmark/vicon_string_ws/src/string_tf_saver': CONDA_PROMPT_MODIFIER=(benchmark) PYTHONPATH=/home/benchmark/vicon_string_ws/src/build/string_tf_saver/prefix_override:/home/benchmark/.mamba/envs/benchmark/lib/python3.11/site-packages/colcon_core/task/python/colcon_distutils_commands:/home/benchmark/vicon_string_ws/src/install/string_tf_saver/lib/python3.11/site-packages:${PYTHONPATH} /home/benchmark/.mamba/envs/benchmark/bin/python3.11 -W ignore:setup.py install is deprecated -W ignore:easy_install command is deprecated setup.py egg_info --egg-base ../build/string_tf_saver build --build-base /home/benchmark/vicon_string_ws/src/build/string_tf_saver/build install --record /home/benchmark/vicon_string_ws/src/build/string_tf_saver/install.log --single-version-externally-managed install_data
[0.369s] /home/benchmark/.mamba/envs/benchmark/lib/python3.11/site-packages/setuptools/_distutils/dist.py:289: UserWarning: Unknown distribution option: 'tests_require'
[0.369s]   warnings.warn(msg)
[0.408s] running egg_info
[0.413s] writing ../build/string_tf_saver/string_tf_saver.egg-info/PKG-INFO
[0.413s] writing dependency_links to ../build/string_tf_saver/string_tf_saver.egg-info/dependency_links.txt
[0.413s] writing entry points to ../build/string_tf_saver/string_tf_saver.egg-info/entry_points.txt
[0.414s] writing requirements to ../build/string_tf_saver/string_tf_saver.egg-info/requires.txt
[0.414s] writing top-level names to ../build/string_tf_saver/string_tf_saver.egg-info/top_level.txt
[0.426s] reading manifest file '../build/string_tf_saver/string_tf_saver.egg-info/SOURCES.txt'
[0.426s] writing manifest file '../build/string_tf_saver/string_tf_saver.egg-info/SOURCES.txt'
[0.426s] running build
[0.426s] running build_py
[0.426s] copying string_tf_saver/save_string_positions.py -> /home/benchmark/vicon_string_ws/src/build/string_tf_saver/build/lib/string_tf_saver
[0.427s] copying string_tf_saver/__init__.py -> /home/benchmark/vicon_string_ws/src/build/string_tf_saver/build/lib/string_tf_saver
[0.427s] running install
[0.429s] running install_lib
[0.435s] copying /home/benchmark/vicon_string_ws/src/build/string_tf_saver/build/lib/string_tf_saver/save_string_positions.py -> /home/benchmark/vicon_string_ws/src/install/string_tf_saver/lib/python3.11/site-packages/string_tf_saver
[0.435s] byte-compiling /home/benchmark/vicon_string_ws/src/install/string_tf_saver/lib/python3.11/site-packages/string_tf_saver/save_string_positions.py to save_string_positions.cpython-311.pyc
[0.436s] running install_data
[0.436s] copying package.xml -> /home/benchmark/vicon_string_ws/src/install/string_tf_saver/share/string_tf_saver
[0.436s] running install_egg_info
[0.442s] removing '/home/benchmark/vicon_string_ws/src/install/string_tf_saver/lib/python3.11/site-packages/string_tf_saver-0.0.0-py3.11.egg-info' (and everything under it)
[0.442s] Copying ../build/string_tf_saver/string_tf_saver.egg-info to /home/benchmark/vicon_string_ws/src/install/string_tf_saver/lib/python3.11/site-packages/string_tf_saver-0.0.0-py3.11.egg-info
[0.442s] running install_scripts
[0.480s] Installing save_string_positions script to /home/benchmark/vicon_string_ws/src/install/string_tf_saver/lib/string_tf_saver
[0.480s] writing list of installed files to '/home/benchmark/vicon_string_ws/src/build/string_tf_saver/install.log'
[0.492s] Invoked command in '/home/benchmark/vicon_string_ws/src/string_tf_saver' returned '0': CONDA_PROMPT_MODIFIER=(benchmark) PYTHONPATH=/home/benchmark/vicon_string_ws/src/build/string_tf_saver/prefix_override:/home/benchmark/.mamba/envs/benchmark/lib/python3.11/site-packages/colcon_core/task/python/colcon_distutils_commands:/home/benchmark/vicon_string_ws/src/install/string_tf_saver/lib/python3.11/site-packages:${PYTHONPATH} /home/benchmark/.mamba/envs/benchmark/bin/python3.11 -W ignore:setup.py install is deprecated -W ignore:easy_install command is deprecated setup.py egg_info --egg-base ../build/string_tf_saver build --build-base /home/benchmark/vicon_string_ws/src/build/string_tf_saver/build install --record /home/benchmark/vicon_string_ws/src/build/string_tf_saver/install.log --single-version-externally-managed install_data
