running egg_info
writing ../../build/vicon_string_obstacles/vicon_string_obstacles.egg-info/PKG-INFO
writing dependency_links to ../../build/vicon_string_obstacles/vicon_string_obstacles.egg-info/dependency_links.txt
writing entry points to ../../build/vicon_string_obstacles/vicon_string_obstacles.egg-info/entry_points.txt
writing requirements to ../../build/vicon_string_obstacles/vicon_string_obstacles.egg-info/requires.txt
writing top-level names to ../../build/vicon_string_obstacles/vicon_string_obstacles.egg-info/top_level.txt
reading manifest file '../../build/vicon_string_obstacles/vicon_string_obstacles.egg-info/SOURCES.txt'
writing manifest file '../../build/vicon_string_obstacles/vicon_string_obstacles.egg-info/SOURCES.txt'
running build
running build_py
copying vicon_string_obstacles/vicon_listener.py -> /home/zoujoey/LSY_Projects/vicon_strings_ws/build/vicon_string_obstacles/build/lib/vicon_string_obstacles
running install
running install_lib
copying /home/zoujoey/LSY_Projects/vicon_strings_ws/build/vicon_string_obstacles/build/lib/vicon_string_obstacles/vicon_listener.py -> /home/zoujoey/LSY_Projects/vicon_strings_ws/install/vicon_string_obstacles/lib/python3.8/site-packages/vicon_string_obstacles
byte-compiling /home/zoujoey/LSY_Projects/vicon_strings_ws/install/vicon_string_obstacles/lib/python3.8/site-packages/vicon_string_obstacles/vicon_listener.py to vicon_listener.cpython-38.pyc
running install_data
running install_egg_info
removing '/home/zoujoey/LSY_Projects/vicon_strings_ws/install/vicon_string_obstacles/lib/python3.8/site-packages/vicon_string_obstacles-0.0.0-py3.8.egg-info' (and everything under it)
Copying ../../build/vicon_string_obstacles/vicon_string_obstacles.egg-info to /home/zoujoey/LSY_Projects/vicon_strings_ws/install/vicon_string_obstacles/lib/python3.8/site-packages/vicon_string_obstacles-0.0.0-py3.8.egg-info
running install_scripts
Installing vicon_listener script to /home/zoujoey/LSY_Projects/vicon_strings_ws/install/vicon_string_obstacles/lib/vicon_string_obstacles
writing list of installed files to '/home/zoujoey/LSY_Projects/vicon_strings_ws/build/vicon_string_obstacles/install.log'
