[0.315s] Invoking command in '/home/zoujoey/LSY_Projects/vicon_strings_ws/src/vicon_string_obstacles': CONDA_PROMPT_MODIFIER=(pr-env) PYTHONPATH=/home/zoujoey/LSY_Projects/vicon_strings_ws/build/vicon_string_obstacles/prefix_override:/usr/lib/python3/dist-packages/colcon_core/task/python/colcon_distutils_commands:/home/zoujoey/LSY_Projects/vicon_strings_ws/install/vicon_string_obstacles/lib/python3.8/site-packages:${PYTHONPATH} /usr/bin/python3 -W ignore:setup.py install is deprecated -W ignore:easy_install command is deprecated setup.py egg_info --egg-base ../../build/vicon_string_obstacles build --build-base /home/zoujoey/LSY_Projects/vicon_strings_ws/build/vicon_string_obstacles/build install --record /home/zoujoey/LSY_Projects/vicon_strings_ws/build/vicon_string_obstacles/install.log --install-scripts $base/lib/vicon_string_obstacles --single-version-externally-managed install_data
[0.412s] running egg_info
[0.412s] writing ../../build/vicon_string_obstacles/vicon_string_obstacles.egg-info/PKG-INFO
[0.413s] writing dependency_links to ../../build/vicon_string_obstacles/vicon_string_obstacles.egg-info/dependency_links.txt
[0.413s] writing entry points to ../../build/vicon_string_obstacles/vicon_string_obstacles.egg-info/entry_points.txt
[0.413s] writing requirements to ../../build/vicon_string_obstacles/vicon_string_obstacles.egg-info/requires.txt
[0.413s] writing top-level names to ../../build/vicon_string_obstacles/vicon_string_obstacles.egg-info/top_level.txt
[0.431s] reading manifest file '../../build/vicon_string_obstacles/vicon_string_obstacles.egg-info/SOURCES.txt'
[0.431s] writing manifest file '../../build/vicon_string_obstacles/vicon_string_obstacles.egg-info/SOURCES.txt'
[0.431s] running build
[0.432s] running build_py
[0.432s] copying vicon_string_obstacles/vicon_listener.py -> /home/zoujoey/LSY_Projects/vicon_strings_ws/build/vicon_string_obstacles/build/lib/vicon_string_obstacles
[0.432s] running install
[0.432s] running install_lib
[0.433s] copying /home/zoujoey/LSY_Projects/vicon_strings_ws/build/vicon_string_obstacles/build/lib/vicon_string_obstacles/vicon_listener.py -> /home/zoujoey/LSY_Projects/vicon_strings_ws/install/vicon_string_obstacles/lib/python3.8/site-packages/vicon_string_obstacles
[0.433s] byte-compiling /home/zoujoey/LSY_Projects/vicon_strings_ws/install/vicon_string_obstacles/lib/python3.8/site-packages/vicon_string_obstacles/vicon_listener.py to vicon_listener.cpython-38.pyc
[0.434s] running install_data
[0.434s] running install_egg_info
[0.435s] removing '/home/zoujoey/LSY_Projects/vicon_strings_ws/install/vicon_string_obstacles/lib/python3.8/site-packages/vicon_string_obstacles-0.0.0-py3.8.egg-info' (and everything under it)
[0.435s] Copying ../../build/vicon_string_obstacles/vicon_string_obstacles.egg-info to /home/zoujoey/LSY_Projects/vicon_strings_ws/install/vicon_string_obstacles/lib/python3.8/site-packages/vicon_string_obstacles-0.0.0-py3.8.egg-info
[0.436s] running install_scripts
[0.445s] Installing vicon_listener script to /home/zoujoey/LSY_Projects/vicon_strings_ws/install/vicon_string_obstacles/lib/vicon_string_obstacles
[0.445s] writing list of installed files to '/home/zoujoey/LSY_Projects/vicon_strings_ws/build/vicon_string_obstacles/install.log'
[0.457s] Invoked command in '/home/zoujoey/LSY_Projects/vicon_strings_ws/src/vicon_string_obstacles' returned '0': CONDA_PROMPT_MODIFIER=(pr-env) PYTHONPATH=/home/zoujoey/LSY_Projects/vicon_strings_ws/build/vicon_string_obstacles/prefix_override:/usr/lib/python3/dist-packages/colcon_core/task/python/colcon_distutils_commands:/home/zoujoey/LSY_Projects/vicon_strings_ws/install/vicon_string_obstacles/lib/python3.8/site-packages:${PYTHONPATH} /usr/bin/python3 -W ignore:setup.py install is deprecated -W ignore:easy_install command is deprecated setup.py egg_info --egg-base ../../build/vicon_string_obstacles build --build-base /home/zoujoey/LSY_Projects/vicon_strings_ws/build/vicon_string_obstacles/build install --record /home/zoujoey/LSY_Projects/vicon_strings_ws/build/vicon_string_obstacles/install.log --install-scripts $base/lib/vicon_string_obstacles --single-version-externally-managed install_data
