running egg_info
creating ../../build/vicon_string_obstacles/vicon_string_obstacles.egg-info
writing ../../build/vicon_string_obstacles/vicon_string_obstacles.egg-info/PKG-INFO
writing dependency_links to ../../build/vicon_string_obstacles/vicon_string_obstacles.egg-info/dependency_links.txt
writing entry points to ../../build/vicon_string_obstacles/vicon_string_obstacles.egg-info/entry_points.txt
writing requirements to ../../build/vicon_string_obstacles/vicon_string_obstacles.egg-info/requires.txt
writing top-level names to ../../build/vicon_string_obstacles/vicon_string_obstacles.egg-info/top_level.txt
writing manifest file '../../build/vicon_string_obstacles/vicon_string_obstacles.egg-info/SOURCES.txt'
reading manifest file '../../build/vicon_string_obstacles/vicon_string_obstacles.egg-info/SOURCES.txt'
writing manifest file '../../build/vicon_string_obstacles/vicon_string_obstacles.egg-info/SOURCES.txt'
running build
running build_py
creating /home/zoujoey/LSY_Projects/vicon_strings_ws/build/vicon_string_obstacles/build
creating /home/zoujoey/LSY_Projects/vicon_strings_ws/build/vicon_string_obstacles/build/lib
creating /home/zoujoey/LSY_Projects/vicon_strings_ws/build/vicon_string_obstacles/build/lib/vicon_string_obstacles
copying vicon_string_obstacles/__init__.py -> /home/zoujoey/LSY_Projects/vicon_strings_ws/build/vicon_string_obstacles/build/lib/vicon_string_obstacles
copying vicon_string_obstacles/vicon_listener.py -> /home/zoujoey/LSY_Projects/vicon_strings_ws/build/vicon_string_obstacles/build/lib/vicon_string_obstacles
running install
running install_lib
creating /home/zoujoey/LSY_Projects/vicon_strings_ws/install/vicon_string_obstacles/lib/python3.8/site-packages/vicon_string_obstacles
copying /home/zoujoey/LSY_Projects/vicon_strings_ws/build/vicon_string_obstacles/build/lib/vicon_string_obstacles/__init__.py -> /home/zoujoey/LSY_Projects/vicon_strings_ws/install/vicon_string_obstacles/lib/python3.8/site-packages/vicon_string_obstacles
copying /home/zoujoey/LSY_Projects/vicon_strings_ws/build/vicon_string_obstacles/build/lib/vicon_string_obstacles/vicon_listener.py -> /home/zoujoey/LSY_Projects/vicon_strings_ws/install/vicon_string_obstacles/lib/python3.8/site-packages/vicon_string_obstacles
byte-compiling /home/zoujoey/LSY_Projects/vicon_strings_ws/install/vicon_string_obstacles/lib/python3.8/site-packages/vicon_string_obstacles/__init__.py to __init__.cpython-38.pyc
byte-compiling /home/zoujoey/LSY_Projects/vicon_strings_ws/install/vicon_string_obstacles/lib/python3.8/site-packages/vicon_string_obstacles/vicon_listener.py to vicon_listener.cpython-38.pyc
running install_data
creating /home/zoujoey/LSY_Projects/vicon_strings_ws/install/vicon_string_obstacles/share/ament_index
creating /home/zoujoey/LSY_Projects/vicon_strings_ws/install/vicon_string_obstacles/share/ament_index/resource_index
creating /home/zoujoey/LSY_Projects/vicon_strings_ws/install/vicon_string_obstacles/share/ament_index/resource_index/packages
copying resource/vicon_string_obstacles -> /home/zoujoey/LSY_Projects/vicon_strings_ws/install/vicon_string_obstacles/share/ament_index/resource_index/packages
copying package.xml -> /home/zoujoey/LSY_Projects/vicon_strings_ws/install/vicon_string_obstacles/share/vicon_string_obstacles
running install_egg_info
Copying ../../build/vicon_string_obstacles/vicon_string_obstacles.egg-info to /home/zoujoey/LSY_Projects/vicon_strings_ws/install/vicon_string_obstacles/lib/python3.8/site-packages/vicon_string_obstacles-0.0.0-py3.8.egg-info
running install_scripts
Installing vicon_listener script to /home/zoujoey/LSY_Projects/vicon_strings_ws/install/vicon_string_obstacles/lib/vicon_string_obstacles
writing list of installed files to '/home/zoujoey/LSY_Projects/vicon_strings_ws/build/vicon_string_obstacles/install.log'
