[0.059s] [34mcolcon[0m [1;30mDEBUG[0m [32mCommand line arguments: ['/home/benchmark/.mamba/envs/benchmark/bin/colcon', 'build'][0m
[0.059s] [34mcolcon[0m [1;30mDEBUG[0m [32mParsed command line arguments: Namespace(log_base=None, log_level=None, verb_name='build', build_base='build', install_base='install', merge_install=False, symlink_install=False, test_result_base=None, continue_on_error=False, executor='parallel', parallel_workers=32, event_handlers=None, ignore_user_meta=False, metas=['./colcon.meta'], base_paths=['.'], packages_ignore=None, packages_ignore_regex=None, paths=None, packages_up_to=None, packages_up_to_regex=None, packages_above=None, packages_above_and_dependencies=None, packages_above_depth=None, packages_select_by_dep=None, packages_skip_by_dep=None, packages_skip_up_to=None, packages_select_build_failed=False, packages_skip_build_finished=False, packages_select_test_failures=False, packages_skip_test_passed=False, packages_select=None, packages_skip=None, packages_select_regex=None, packages_skip_regex=None, packages_start=None, packages_end=None, cmake_args=None, cmake_target=None, cmake_target_skip_unavailable=False, cmake_clean_cache=False, cmake_clean_first=False, cmake_force_configure=False, ament_cmake_args=None, catkin_cmake_args=None, catkin_skip_building_tests=False, verb_parser=<colcon_defaults.argument_parser.defaults.DefaultArgumentsDecorator object at 0x701fca85ded0>, verb_extension=<colcon_core.verb.build.BuildVerb object at 0x701fca85d850>, main=<bound method BuildVerb.main of <colcon_core.verb.build.BuildVerb object at 0x701fca85d850>>)[0m
[0.075s] [34mcolcon.colcon_core.package_discovery[0m [1;30mLevel 1[0m discover_packages(colcon_meta) check parameters
[0.075s] [34mcolcon.colcon_core.package_discovery[0m [1;30mLevel 1[0m discover_packages(recursive) check parameters
[0.075s] [34mcolcon.colcon_core.package_discovery[0m [1;30mLevel 1[0m discover_packages(ignore) check parameters
[0.075s] [34mcolcon.colcon_core.package_discovery[0m [1;30mLevel 1[0m discover_packages(path) check parameters
[0.075s] [34mcolcon.colcon_core.package_discovery[0m [1;30mLevel 1[0m discover_packages(colcon_meta) discover
[0.075s] [34mcolcon.colcon_core.package_discovery[0m [1;30mLevel 1[0m discover_packages(recursive) discover
[0.075s] [34mcolcon.colcon_core.package_discovery[0m [1;30mINFO[0m Crawling recursively for packages in '/home/benchmark/vicon_string_ws/src'
[0.075s] [34mcolcon.colcon_core.package_identification[0m [1;30mLevel 1[0m _identify(.) by extensions ['ignore', 'ignore_ament_install']
[0.075s] [34mcolcon.colcon_core.package_identification[0m [1;30mLevel 1[0m _identify(.) by extension 'ignore'
[0.075s] [34mcolcon.colcon_core.package_identification[0m [1;30mLevel 1[0m _identify(.) by extension 'ignore_ament_install'
[0.075s] [34mcolcon.colcon_core.package_identification[0m [1;30mLevel 1[0m _identify(.) by extensions ['colcon_pkg']
[0.075s] [34mcolcon.colcon_core.package_identification[0m [1;30mLevel 1[0m _identify(.) by extension 'colcon_pkg'
[0.075s] [34mcolcon.colcon_core.package_identification[0m [1;30mLevel 1[0m _identify(.) by extensions ['colcon_meta']
[0.075s] [34mcolcon.colcon_core.package_identification[0m [1;30mLevel 1[0m _identify(.) by extension 'colcon_meta'
[0.075s] [34mcolcon.colcon_core.package_identification[0m [1;30mLevel 1[0m _identify(.) by extensions ['ros']
[0.075s] [34mcolcon.colcon_core.package_identification[0m [1;30mLevel 1[0m _identify(.) by extension 'ros'
[0.086s] [34mcolcon.colcon_core.package_identification[0m [1;30mLevel 1[0m _identify(.) by extensions ['cmake', 'python']
[0.086s] [34mcolcon.colcon_core.package_identification[0m [1;30mLevel 1[0m _identify(.) by extension 'cmake'
[0.086s] [34mcolcon.colcon_core.package_identification[0m [1;30mLevel 1[0m _identify(.) by extension 'python'
[0.086s] [34mcolcon.colcon_core.package_identification[0m [1;30mLevel 1[0m _identify(.) by extensions ['python_setup_py']
[0.086s] [34mcolcon.colcon_core.package_identification[0m [1;30mLevel 1[0m _identify(.) by extension 'python_setup_py'
[0.087s] [34mcolcon.colcon_core.package_identification[0m [1;30mLevel 1[0m _identify(build) by extensions ['ignore', 'ignore_ament_install']
[0.087s] [34mcolcon.colcon_core.package_identification[0m [1;30mLevel 1[0m _identify(build) by extension 'ignore'
[0.087s] [34mcolcon.colcon_core.package_identification[0m [1;30mLevel 1[0m _identify(build) ignored
[0.087s] [34mcolcon.colcon_core.package_identification[0m [1;30mLevel 1[0m _identify(install) by extensions ['ignore', 'ignore_ament_install']
[0.087s] [34mcolcon.colcon_core.package_identification[0m [1;30mLevel 1[0m _identify(install) by extension 'ignore'
[0.087s] [34mcolcon.colcon_core.package_identification[0m [1;30mLevel 1[0m _identify(install) ignored
[0.087s] [34mcolcon.colcon_core.package_identification[0m [1;30mLevel 1[0m _identify(log) by extensions ['ignore', 'ignore_ament_install']
[0.087s] [34mcolcon.colcon_core.package_identification[0m [1;30mLevel 1[0m _identify(log) by extension 'ignore'
[0.087s] [34mcolcon.colcon_core.package_identification[0m [1;30mLevel 1[0m _identify(log) ignored
[0.087s] [34mcolcon.colcon_core.package_identification[0m [1;30mLevel 1[0m _identify(measurement) by extensions ['ignore', 'ignore_ament_install']
[0.087s] [34mcolcon.colcon_core.package_identification[0m [1;30mLevel 1[0m _identify(measurement) by extension 'ignore'
[0.087s] [34mcolcon.colcon_core.package_identification[0m [1;30mLevel 1[0m _identify(measurement) by extension 'ignore_ament_install'
[0.087s] [34mcolcon.colcon_core.package_identification[0m [1;30mLevel 1[0m _identify(measurement) by extensions ['colcon_pkg']
[0.087s] [34mcolcon.colcon_core.package_identification[0m [1;30mLevel 1[0m _identify(measurement) by extension 'colcon_pkg'
[0.087s] [34mcolcon.colcon_core.package_identification[0m [1;30mLevel 1[0m _identify(measurement) by extensions ['colcon_meta']
[0.087s] [34mcolcon.colcon_core.package_identification[0m [1;30mLevel 1[0m _identify(measurement) by extension 'colcon_meta'
[0.087s] [34mcolcon.colcon_core.package_identification[0m [1;30mLevel 1[0m _identify(measurement) by extensions ['ros']
[0.087s] [34mcolcon.colcon_core.package_identification[0m [1;30mLevel 1[0m _identify(measurement) by extension 'ros'
[0.087s] [34mcolcon.colcon_core.package_identification[0m [1;30mLevel 1[0m _identify(measurement) by extensions ['cmake', 'python']
[0.087s] [34mcolcon.colcon_core.package_identification[0m [1;30mLevel 1[0m _identify(measurement) by extension 'cmake'
[0.087s] [34mcolcon.colcon_core.package_identification[0m [1;30mLevel 1[0m _identify(measurement) by extension 'python'
[0.087s] [34mcolcon.colcon_core.package_identification[0m [1;30mLevel 1[0m _identify(measurement) by extensions ['python_setup_py']
[0.087s] [34mcolcon.colcon_core.package_identification[0m [1;30mLevel 1[0m _identify(measurement) by extension 'python_setup_py'
[0.087s] [34mcolcon.colcon_core.package_identification[0m [1;30mLevel 1[0m _identify(string_tf_saver) by extensions ['ignore', 'ignore_ament_install']
[0.087s] [34mcolcon.colcon_core.package_identification[0m [1;30mLevel 1[0m _identify(string_tf_saver) by extension 'ignore'
[0.087s] [34mcolcon.colcon_core.package_identification[0m [1;30mLevel 1[0m _identify(string_tf_saver) by extension 'ignore_ament_install'
[0.087s] [34mcolcon.colcon_core.package_identification[0m [1;30mLevel 1[0m _identify(string_tf_saver) by extensions ['colcon_pkg']
[0.087s] [34mcolcon.colcon_core.package_identification[0m [1;30mLevel 1[0m _identify(string_tf_saver) by extension 'colcon_pkg'
[0.087s] [34mcolcon.colcon_core.package_identification[0m [1;30mLevel 1[0m _identify(string_tf_saver) by extensions ['colcon_meta']
[0.087s] [34mcolcon.colcon_core.package_identification[0m [1;30mLevel 1[0m _identify(string_tf_saver) by extension 'colcon_meta'
[0.087s] [34mcolcon.colcon_core.package_identification[0m [1;30mLevel 1[0m _identify(string_tf_saver) by extensions ['ros']
[0.087s] [34mcolcon.colcon_core.package_identification[0m [1;30mLevel 1[0m _identify(string_tf_saver) by extension 'ros'
[0.088s] [34mcolcon.colcon_core.package_identification[0m [1;30mDEBUG[0m [32mPackage 'string_tf_saver' with type 'ros.ament_python' and name 'string_tf_saver'[0m
[0.088s] [34mcolcon.colcon_core.package_discovery[0m [1;30mLevel 1[0m discover_packages(recursive) using defaults
[0.088s] [34mcolcon.colcon_core.package_discovery[0m [1;30mLevel 1[0m discover_packages(ignore) discover
[0.088s] [34mcolcon.colcon_core.package_discovery[0m [1;30mLevel 1[0m discover_packages(ignore) using defaults
[0.088s] [34mcolcon.colcon_core.package_discovery[0m [1;30mLevel 1[0m discover_packages(path) discover
[0.088s] [34mcolcon.colcon_core.package_discovery[0m [1;30mLevel 1[0m discover_packages(path) using defaults
[0.095s] [34mcolcon.colcon_core.verb[0m [1;30mLevel 5[0m set package 'string_tf_saver' build argument 'cmake_args' from command line to 'None'
[0.095s] [34mcolcon.colcon_core.verb[0m [1;30mLevel 5[0m set package 'string_tf_saver' build argument 'cmake_target' from command line to 'None'
[0.095s] [34mcolcon.colcon_core.verb[0m [1;30mLevel 5[0m set package 'string_tf_saver' build argument 'cmake_target_skip_unavailable' from command line to 'False'
[0.095s] [34mcolcon.colcon_core.verb[0m [1;30mLevel 5[0m set package 'string_tf_saver' build argument 'cmake_clean_cache' from command line to 'False'
[0.095s] [34mcolcon.colcon_core.verb[0m [1;30mLevel 5[0m set package 'string_tf_saver' build argument 'cmake_clean_first' from command line to 'False'
[0.095s] [34mcolcon.colcon_core.verb[0m [1;30mLevel 5[0m set package 'string_tf_saver' build argument 'cmake_force_configure' from command line to 'False'
[0.095s] [34mcolcon.colcon_core.verb[0m [1;30mLevel 5[0m set package 'string_tf_saver' build argument 'ament_cmake_args' from command line to 'None'
[0.095s] [34mcolcon.colcon_core.verb[0m [1;30mLevel 5[0m set package 'string_tf_saver' build argument 'catkin_cmake_args' from command line to 'None'
[0.095s] [34mcolcon.colcon_core.verb[0m [1;30mLevel 5[0m set package 'string_tf_saver' build argument 'catkin_skip_building_tests' from command line to 'False'
[0.095s] [34mcolcon.colcon_core.verb[0m [1;30mDEBUG[0m [32mBuilding package 'string_tf_saver' with the following arguments: {'ament_cmake_args': None, 'build_base': '/home/benchmark/vicon_string_ws/src/build/string_tf_saver', 'catkin_cmake_args': None, 'catkin_skip_building_tests': False, 'cmake_args': None, 'cmake_clean_cache': False, 'cmake_clean_first': False, 'cmake_force_configure': False, 'cmake_target': None, 'cmake_target_skip_unavailable': False, 'install_base': '/home/benchmark/vicon_string_ws/src/install/string_tf_saver', 'merge_install': False, 'path': '/home/benchmark/vicon_string_ws/src/string_tf_saver', 'symlink_install': False, 'test_result_base': None}[0m
[0.095s] [34mcolcon.colcon_core.executor[0m [1;30mINFO[0m Executing jobs using 'parallel' executor
[0.096s] [34mcolcon.colcon_parallel_executor.executor.parallel[0m [1;30mDEBUG[0m [32mrun_until_complete[0m
[0.096s] [34mcolcon.colcon_ros.task.ament_python.build[0m [1;30mINFO[0m Building ROS package in '/home/benchmark/vicon_string_ws/src/string_tf_saver' with build type 'ament_python'
[0.096s] [34mcolcon.colcon_core.shell[0m [1;30mLevel 1[0m create_environment_hook('string_tf_saver', 'ament_prefix_path')
[0.097s] [34mcolcon.colcon_core.plugin_system[0m [1;30mINFO[0m Skipping extension 'colcon_core.shell.bat': Not used on non-Windows systems
[0.097s] [34mcolcon.colcon_core.shell[0m [1;30mINFO[0m Creating environment hook '/home/benchmark/vicon_string_ws/src/install/string_tf_saver/share/string_tf_saver/hook/ament_prefix_path.ps1'
[0.097s] [34mcolcon.colcon_core.shell[0m [1;30mINFO[0m Creating environment descriptor '/home/benchmark/vicon_string_ws/src/install/string_tf_saver/share/string_tf_saver/hook/ament_prefix_path.dsv'
[0.097s] [34mcolcon.colcon_core.shell[0m [1;30mINFO[0m Creating environment hook '/home/benchmark/vicon_string_ws/src/install/string_tf_saver/share/string_tf_saver/hook/ament_prefix_path.sh'
[0.097s] [34mcolcon.colcon_core.shell[0m [1;30mINFO[0m Skip shell extension 'powershell' for command environment: Not usable outside of PowerShell
[0.097s] [34mcolcon.colcon_core.shell[0m [1;30mDEBUG[0m [32mSkip shell extension 'dsv' for command environment[0m
[0.193s] [34mcolcon.colcon_ros.task.ament_python.build[0m [1;30mWARNING[0m [33mPackage 'string_tf_saver' doesn't explicitly install a marker in the package index (colcon-ros currently does it implicitly but that fallback will be removed in the future)[0m
[0.193s] [34mcolcon.colcon_core.task.python.build[0m [1;30mINFO[0m Building Python package in '/home/benchmark/vicon_string_ws/src/string_tf_saver'
[0.193s] [34mcolcon.colcon_core.shell[0m [1;30mINFO[0m Skip shell extension 'powershell' for command environment: Not usable outside of PowerShell
[0.193s] [34mcolcon.colcon_core.shell[0m [1;30mDEBUG[0m [32mSkip shell extension 'dsv' for command environment[0m
[0.396s] [34mcolcon.colcon_core.event_handler.log_command[0m [1;30mDEBUG[0m [32mInvoking command in '/home/benchmark/vicon_string_ws/src/string_tf_saver': CONDA_PROMPT_MODIFIER=(benchmark) PYTHONPATH=/home/benchmark/vicon_string_ws/src/build/string_tf_saver/prefix_override:/home/benchmark/.mamba/envs/benchmark/lib/python3.11/site-packages/colcon_core/task/python/colcon_distutils_commands:/home/benchmark/vicon_string_ws/src/install/string_tf_saver/lib/python3.11/site-packages:${PYTHONPATH} /home/benchmark/.mamba/envs/benchmark/bin/python3.11 -W ignore:setup.py install is deprecated -W ignore:easy_install command is deprecated setup.py egg_info --egg-base ../build/string_tf_saver build --build-base /home/benchmark/vicon_string_ws/src/build/string_tf_saver/build install --record /home/benchmark/vicon_string_ws/src/build/string_tf_saver/install.log --single-version-externally-managed install_data[0m
[0.588s] [34mcolcon.colcon_core.event_handler.log_command[0m [1;30mDEBUG[0m [32mInvoked command in '/home/benchmark/vicon_string_ws/src/string_tf_saver' returned '0': CONDA_PROMPT_MODIFIER=(benchmark) PYTHONPATH=/home/benchmark/vicon_string_ws/src/build/string_tf_saver/prefix_override:/home/benchmark/.mamba/envs/benchmark/lib/python3.11/site-packages/colcon_core/task/python/colcon_distutils_commands:/home/benchmark/vicon_string_ws/src/install/string_tf_saver/lib/python3.11/site-packages:${PYTHONPATH} /home/benchmark/.mamba/envs/benchmark/bin/python3.11 -W ignore:setup.py install is deprecated -W ignore:easy_install command is deprecated setup.py egg_info --egg-base ../build/string_tf_saver build --build-base /home/benchmark/vicon_string_ws/src/build/string_tf_saver/build install --record /home/benchmark/vicon_string_ws/src/build/string_tf_saver/install.log --single-version-externally-managed install_data[0m
[0.589s] [34mcolcon.colcon_core.environment[0m [1;30mLevel 1[0m checking '/home/benchmark/vicon_string_ws/src/install/string_tf_saver' for CMake module files
[0.589s] [34mcolcon.colcon_core.environment[0m [1;30mLevel 1[0m checking '/home/benchmark/vicon_string_ws/src/install/string_tf_saver' for CMake config files
[0.589s] [34mcolcon.colcon_core.environment[0m [1;30mLevel 1[0m checking '/home/benchmark/vicon_string_ws/src/install/string_tf_saver/lib'
[0.589s] [34mcolcon.colcon_core.environment[0m [1;30mLevel 1[0m checking '/home/benchmark/vicon_string_ws/src/install/string_tf_saver/bin'
[0.589s] [34mcolcon.colcon_core.environment[0m [1;30mLevel 1[0m checking '/home/benchmark/vicon_string_ws/src/install/string_tf_saver/lib/pkgconfig/string_tf_saver.pc'
[0.589s] [34mcolcon.colcon_core.environment[0m [1;30mLevel 1[0m checking '/home/benchmark/vicon_string_ws/src/install/string_tf_saver/lib/python3.11/site-packages'
[0.590s] [34mcolcon.colcon_core.shell[0m [1;30mLevel 1[0m create_environment_hook('string_tf_saver', 'pythonpath')
[0.590s] [34mcolcon.colcon_core.shell[0m [1;30mINFO[0m Creating environment hook '/home/benchmark/vicon_string_ws/src/install/string_tf_saver/share/string_tf_saver/hook/pythonpath.ps1'
[0.590s] [34mcolcon.colcon_core.shell[0m [1;30mINFO[0m Creating environment descriptor '/home/benchmark/vicon_string_ws/src/install/string_tf_saver/share/string_tf_saver/hook/pythonpath.dsv'
[0.590s] [34mcolcon.colcon_core.shell[0m [1;30mINFO[0m Creating environment hook '/home/benchmark/vicon_string_ws/src/install/string_tf_saver/share/string_tf_saver/hook/pythonpath.sh'
[0.590s] [34mcolcon.colcon_core.environment[0m [1;30mLevel 1[0m checking '/home/benchmark/vicon_string_ws/src/install/string_tf_saver/bin'
[0.590s] [34mcolcon.colcon_core.environment[0m [1;30mLevel 1[0m create_environment_scripts_only(string_tf_saver)
[0.590s] [34mcolcon.colcon_core.shell[0m [1;30mINFO[0m Creating package script '/home/benchmark/vicon_string_ws/src/install/string_tf_saver/share/string_tf_saver/package.ps1'
[0.591s] [34mcolcon.colcon_core.shell[0m [1;30mINFO[0m Creating package descriptor '/home/benchmark/vicon_string_ws/src/install/string_tf_saver/share/string_tf_saver/package.dsv'
[0.591s] [34mcolcon.colcon_core.shell[0m [1;30mINFO[0m Creating package script '/home/benchmark/vicon_string_ws/src/install/string_tf_saver/share/string_tf_saver/package.sh'
[0.591s] [34mcolcon.colcon_core.shell[0m [1;30mINFO[0m Creating package script '/home/benchmark/vicon_string_ws/src/install/string_tf_saver/share/string_tf_saver/package.bash'
[0.591s] [34mcolcon.colcon_core.shell[0m [1;30mINFO[0m Creating package script '/home/benchmark/vicon_string_ws/src/install/string_tf_saver/share/string_tf_saver/package.zsh'
[0.591s] [34mcolcon.colcon_core.environment[0m [1;30mLevel 1[0m create_file_with_runtime_dependencies(/home/benchmark/vicon_string_ws/src/install/string_tf_saver/share/colcon-core/packages/string_tf_saver)
[0.592s] [34mcolcon.colcon_parallel_executor.executor.parallel[0m [1;30mDEBUG[0m [32mclosing loop[0m
[0.592s] [34mcolcon.colcon_parallel_executor.executor.parallel[0m [1;30mDEBUG[0m [32mloop closed[0m
[0.592s] [34mcolcon.colcon_parallel_executor.executor.parallel[0m [1;30mDEBUG[0m [32mrun_until_complete finished with '0'[0m
[0.592s] [34mcolcon.colcon_core.event_reactor[0m [1;30mDEBUG[0m [32mjoining thread[0m
[0.592s] [34mcolcon.colcon_core.event_reactor[0m [1;30mDEBUG[0m [32mjoined thread[0m
[0.592s] [34mcolcon.colcon_core.shell[0m [1;30mINFO[0m Creating prefix script '/home/benchmark/vicon_string_ws/src/install/local_setup.ps1'
[0.593s] [34mcolcon.colcon_core.shell[0m [1;30mINFO[0m Creating prefix util module '/home/benchmark/vicon_string_ws/src/install/_local_setup_util_ps1.py'
[0.593s] [34mcolcon.colcon_core.shell[0m [1;30mINFO[0m Creating prefix chain script '/home/benchmark/vicon_string_ws/src/install/setup.ps1'
[0.593s] [34mcolcon.colcon_core.shell[0m [1;30mINFO[0m Creating prefix script '/home/benchmark/vicon_string_ws/src/install/local_setup.sh'
[0.593s] [34mcolcon.colcon_core.shell[0m [1;30mINFO[0m Creating prefix util module '/home/benchmark/vicon_string_ws/src/install/_local_setup_util_sh.py'
[0.594s] [34mcolcon.colcon_core.shell[0m [1;30mINFO[0m Creating prefix chain script '/home/benchmark/vicon_string_ws/src/install/setup.sh'
[0.594s] [34mcolcon.colcon_core.shell[0m [1;30mINFO[0m Creating prefix script '/home/benchmark/vicon_string_ws/src/install/local_setup.bash'
[0.594s] [34mcolcon.colcon_core.shell[0m [1;30mINFO[0m Creating prefix chain script '/home/benchmark/vicon_string_ws/src/install/setup.bash'
[0.594s] [34mcolcon.colcon_core.shell[0m [1;30mINFO[0m Creating prefix script '/home/benchmark/vicon_string_ws/src/install/local_setup.zsh'
[0.595s] [34mcolcon.colcon_core.shell[0m [1;30mINFO[0m Creating prefix chain script '/home/benchmark/vicon_string_ws/src/install/setup.zsh'
